<?xml version="1.0" encoding="UTF-8"?>
<!-- Generated by org.testng.reporters.JUnitReportReporter -->
<testsuite hostname="DESKTOP-K07O5M6" failures="0" tests="1" name="cucumberFeature.IntegrationFiles" time="0.288" errors="1" timestamp="2023-06-18T14:40:47 IST" skipped="0">
  <testcase classname="cucumberFeature.IntegrationFiles" name="runScenario" time="0.288">
    <error message="Unresolved compilation problem: 
	The method implicitlyWait(long, TimeUnit) in the type WebDriver.Timeouts is not applicable for the arguments (Duration)
" type="java.lang.Error">
      <![CDATA[java.lang.Error: Unresolved compilation problem: 
The method implicitlyWait(long, TimeUnit) in the type WebDriver.Timeouts is not applicable for the arguments (Duration)

at AutomationTesting.sauceDemoEcommerce.StepDefinition.Landing_Page(StepDefinition.java:28)
at ✽.I landed on Ecommerce page(file:///C:/eclipse/Eclipse_Workspace/sauceDemoEcommerce/src/main/java/cucumberFeature/bddCucumber.feature:7)
]]>
    </error>
  </testcase> <!-- runScenario -->
  <system-out/>
</testsuite> <!-- cucumberFeature.IntegrationFiles -->
