<?xml version="1.0" encoding="UTF-8"?>
<!-- Generated by org.testng.reporters.JUnitXMLReporter -->
<testsuite ignored="0" hostname="DESKTOP-K07O5M6" failures="0" tests="6" name="Edge Browser" time="13.676" errors="0" timestamp="2023-07-01T21:25:15 IST">
  <testcase classname="com.sauceDemoEcommerce.testCases.TC_AddToCart_003" name="Login" time="0.811"/>
  <testcase classname="com.sauceDemoEcommerce.testCases.TC_AddToCart_003" name="AddToCart" time="0.29"/>
  <testcase classname="com.sauceDemoEcommerce.testCases.TC_AddToCart_003" name="GoToCart" time="0.067"/>
  <testcase classname="com.sauceDemoEcommerce.testCases.TC_AddToCart_003" name="CheckOut" time="0.078"/>
  <testcase classname="com.sauceDemoEcommerce.testCases.TC_AddToCart_003" name="AddInformation" time="0.362"/>
  <testcase classname="com.sauceDemoEcommerce.testCases.TC_AddToCart_003" name="Payment" time="0.329"/>
</testsuite> <!-- Edge Browser -->
