<?xml version="1.0" encoding="UTF-8"?>
<!-- Generated by org.testng.reporters.JUnitXMLReporter -->
<testsuite ignored="0" hostname="DESKTOP-K07O5M6" failures="0" tests="4" name="Firefox Browser" time="22.778" errors="0" timestamp="2023-07-01T21:25:01 IST">
  <testcase classname="com.sauceDemoEcommerce.testCases.TC_LoginDDT_002" name="Login" time="1.138"/>
  <testcase classname="com.sauceDemoEcommerce.testCases.TC_LoginDDT_002" name="Login" time="0.51"/>
  <testcase classname="com.sauceDemoEcommerce.testCases.TC_LoginDDT_002" name="Login" time="0.567"/>
  <testcase classname="com.sauceDemoEcommerce.testCases.TC_LoginDDT_002" name="Login" time="5.583"/>
</testsuite> <!-- Firefox Browser -->
