<?xml version="1.0" encoding="UTF-8"?>
<!-- Generated by org.testng.reporters.JUnitXMLReporter -->
<testsuite ignored="0" hostname="DESKTOP-K07O5M6" failures="0" tests="11" name="Test" time="19.812" errors="0" timestamp="2023-07-01T21:17:55 IST">
  <testcase classname="com.sauceDemoEcommerce.testCases.TC_LoginTest_001" name="Login" time="0.867"/>
  <testcase classname="com.sauceDemoEcommerce.testCases.TC_LoginDDT_002" name="Login" time="0.858"/>
  <testcase classname="com.sauceDemoEcommerce.testCases.TC_LoginDDT_002" name="Login" time="0.487"/>
  <testcase classname="com.sauceDemoEcommerce.testCases.TC_LoginDDT_002" name="Login" time="0.363"/>
  <testcase classname="com.sauceDemoEcommerce.testCases.TC_LoginDDT_002" name="Login" time="5.319"/>
  <testcase classname="com.sauceDemoEcommerce.testCases.TC_AddToCart_003" name="Login" time="0.789"/>
  <testcase classname="com.sauceDemoEcommerce.testCases.TC_AddToCart_003" name="AddToCart" time="0.279"/>
  <testcase classname="com.sauceDemoEcommerce.testCases.TC_AddToCart_003" name="GoToCart" time="0.082"/>
  <testcase classname="com.sauceDemoEcommerce.testCases.TC_AddToCart_003" name="CheckOut" time="0.077"/>
  <testcase classname="com.sauceDemoEcommerce.testCases.TC_AddToCart_003" name="AddInformation" time="0.366"/>
  <testcase classname="com.sauceDemoEcommerce.testCases.TC_AddToCart_003" name="Payment" time="0.364"/>
</testsuite> <!-- Test -->
