<?xml version="1.0" encoding="UTF-8"?>
<testng-results ignored="0" total="11" passed="11" failed="0" skipped="0">
  <reporter-output>
  </reporter-output>
  <suite started-at="2023-07-01T21:24:34 IST" name="Suite" finished-at="2023-07-01T21:25:15 IST" duration-ms="41001">
    <groups>
    </groups>
    <test started-at="2023-07-01T21:24:34 IST" name="Chrome Browser" finished-at="2023-07-01T21:24:38 IST" duration-ms="4160">
      <class name="com.sauceDemoEcommerce.testCases.TC_LoginTest_001">
        <test-method is-config="true" signature="SetUp(java.lang.String)[pri:0, instance:com.sauceDemoEcommerce.testCases.TC_LoginTest_001@38234a38]" started-at="2023-07-01T21:24:34 IST" name="SetUp" finished-at="2023-07-01T21:24:37 IST" duration-ms="2926" status="PASS">
          <params>
            <param index="0">
              <value>
                <![CDATA[chrome]]>
              </value>
            </param>
          </params>
          <reporter-output>
          </reporter-output>
        </test-method> <!-- SetUp -->
        <test-method signature="Login()[pri:0, instance:com.sauceDemoEcommerce.testCases.TC_LoginTest_001@38234a38]" started-at="2023-07-01T21:24:37 IST" name="Login" finished-at="2023-07-01T21:24:38 IST" duration-ms="1001" status="PASS">
          <reporter-output>
          </reporter-output>
        </test-method> <!-- Login -->
        <test-method is-config="true" signature="tearDown()[pri:0, instance:com.sauceDemoEcommerce.testCases.TC_LoginTest_001@38234a38]" started-at="2023-07-01T21:24:38 IST" name="tearDown" finished-at="2023-07-01T21:24:38 IST" duration-ms="189" status="PASS">
          <reporter-output>
          </reporter-output>
        </test-method> <!-- tearDown -->
      </class> <!-- com.sauceDemoEcommerce.testCases.TC_LoginTest_001 -->
    </test> <!-- Chrome Browser -->
    <test started-at="2023-07-01T21:24:39 IST" name="Firefox Browser" finished-at="2023-07-01T21:25:01 IST" duration-ms="22778">
      <class name="com.sauceDemoEcommerce.testCases.TC_LoginDDT_002">
        <test-method is-config="true" signature="SetUp(java.lang.String)[pri:0, instance:com.sauceDemoEcommerce.testCases.TC_LoginDDT_002@740d2e78]" started-at="2023-07-01T21:24:39 IST" name="SetUp" finished-at="2023-07-01T21:24:51 IST" duration-ms="12287" status="PASS">
          <params>
            <param index="0">
              <value>
                <![CDATA[firefox]]>
              </value>
            </param>
          </params>
          <reporter-output>
          </reporter-output>
        </test-method> <!-- SetUp -->
        <test-method signature="Login(java.lang.String,java.lang.String)[pri:0, instance:com.sauceDemoEcommerce.testCases.TC_LoginDDT_002@740d2e78]" started-at="2023-07-01T21:24:52 IST" name="Login" data-provider="Login Data" finished-at="2023-07-01T21:24:53 IST" duration-ms="1138" status="PASS">
          <params>
            <param index="0">
              <value>
                <![CDATA[standard_user]]>
              </value>
            </param>
            <param index="1">
              <value>
                <![CDATA[secret_sauce]]>
              </value>
            </param>
          </params>
          <reporter-output>
          </reporter-output>
        </test-method> <!-- Login -->
        <test-method signature="Login(java.lang.String,java.lang.String)[pri:0, instance:com.sauceDemoEcommerce.testCases.TC_LoginDDT_002@740d2e78]" started-at="2023-07-01T21:24:53 IST" name="Login" data-provider="Login Data" finished-at="2023-07-01T21:24:54 IST" duration-ms="510" status="PASS">
          <params>
            <param index="0">
              <value>
                <![CDATA[locked_out_user]]>
              </value>
            </param>
            <param index="1">
              <value>
                <![CDATA[secret_sauce]]>
              </value>
            </param>
          </params>
          <reporter-output>
          </reporter-output>
        </test-method> <!-- Login -->
        <test-method signature="Login(java.lang.String,java.lang.String)[pri:0, instance:com.sauceDemoEcommerce.testCases.TC_LoginDDT_002@740d2e78]" started-at="2023-07-01T21:24:54 IST" name="Login" data-provider="Login Data" finished-at="2023-07-01T21:24:54 IST" duration-ms="567" status="PASS">
          <params>
            <param index="0">
              <value>
                <![CDATA[problem_user]]>
              </value>
            </param>
            <param index="1">
              <value>
                <![CDATA[secret_sauce]]>
              </value>
            </param>
          </params>
          <reporter-output>
          </reporter-output>
        </test-method> <!-- Login -->
        <test-method signature="Login(java.lang.String,java.lang.String)[pri:0, instance:com.sauceDemoEcommerce.testCases.TC_LoginDDT_002@740d2e78]" started-at="2023-07-01T21:24:54 IST" name="Login" data-provider="Login Data" finished-at="2023-07-01T21:25:00 IST" duration-ms="5583" status="PASS">
          <params>
            <param index="0">
              <value>
                <![CDATA[performance_glitch_user]]>
              </value>
            </param>
            <param index="1">
              <value>
                <![CDATA[secret_sauce]]>
              </value>
            </param>
          </params>
          <reporter-output>
          </reporter-output>
        </test-method> <!-- Login -->
        <test-method is-config="true" signature="tearDown()[pri:0, instance:com.sauceDemoEcommerce.testCases.TC_LoginDDT_002@740d2e78]" started-at="2023-07-01T21:25:00 IST" name="tearDown" finished-at="2023-07-01T21:25:01 IST" duration-ms="1319" status="PASS">
          <reporter-output>
          </reporter-output>
        </test-method> <!-- tearDown -->
      </class> <!-- com.sauceDemoEcommerce.testCases.TC_LoginDDT_002 -->
    </test> <!-- Firefox Browser -->
    <test started-at="2023-07-01T21:25:01 IST" name="Edge Browser" finished-at="2023-07-01T21:25:15 IST" duration-ms="13676">
      <class name="com.sauceDemoEcommerce.testCases.TC_AddToCart_003">
        <test-method is-config="true" signature="SetUp(java.lang.String)[pri:0, instance:com.sauceDemoEcommerce.testCases.TC_AddToCart_003@7e6ef134]" started-at="2023-07-01T21:25:01 IST" name="SetUp" finished-at="2023-07-01T21:25:13 IST" duration-ms="11456" status="PASS">
          <params>
            <param index="0">
              <value>
                <![CDATA[ie]]>
              </value>
            </param>
          </params>
          <reporter-output>
          </reporter-output>
        </test-method> <!-- SetUp -->
        <test-method signature="Login()[pri:0, instance:com.sauceDemoEcommerce.testCases.TC_AddToCart_003@7e6ef134]" started-at="2023-07-01T21:25:13 IST" name="Login" finished-at="2023-07-01T21:25:14 IST" duration-ms="811" status="PASS">
          <reporter-output>
          </reporter-output>
        </test-method> <!-- Login -->
        <test-method signature="AddToCart()[pri:0, instance:com.sauceDemoEcommerce.testCases.TC_AddToCart_003@7e6ef134]" started-at="2023-07-01T21:25:14 IST" name="AddToCart" finished-at="2023-07-01T21:25:14 IST" depends-on-methods="com.sauceDemoEcommerce.testCases.TC_AddToCart_003.Login" duration-ms="290" status="PASS">
          <reporter-output>
          </reporter-output>
        </test-method> <!-- AddToCart -->
        <test-method signature="GoToCart()[pri:0, instance:com.sauceDemoEcommerce.testCases.TC_AddToCart_003@7e6ef134]" started-at="2023-07-01T21:25:14 IST" name="GoToCart" finished-at="2023-07-01T21:25:14 IST" depends-on-methods="com.sauceDemoEcommerce.testCases.TC_AddToCart_003.AddToCart" duration-ms="67" status="PASS">
          <reporter-output>
          </reporter-output>
        </test-method> <!-- GoToCart -->
        <test-method signature="CheckOut()[pri:0, instance:com.sauceDemoEcommerce.testCases.TC_AddToCart_003@7e6ef134]" started-at="2023-07-01T21:25:14 IST" name="CheckOut" finished-at="2023-07-01T21:25:14 IST" depends-on-methods="com.sauceDemoEcommerce.testCases.TC_AddToCart_003.GoToCart" duration-ms="78" status="PASS">
          <reporter-output>
          </reporter-output>
        </test-method> <!-- CheckOut -->
        <test-method signature="AddInformation()[pri:0, instance:com.sauceDemoEcommerce.testCases.TC_AddToCart_003@7e6ef134]" started-at="2023-07-01T21:25:14 IST" name="AddInformation" finished-at="2023-07-01T21:25:14 IST" depends-on-methods="com.sauceDemoEcommerce.testCases.TC_AddToCart_003.CheckOut" duration-ms="362" status="PASS">
          <reporter-output>
          </reporter-output>
        </test-method> <!-- AddInformation -->
        <test-method signature="Payment()[pri:0, instance:com.sauceDemoEcommerce.testCases.TC_AddToCart_003@7e6ef134]" started-at="2023-07-01T21:25:14 IST" name="Payment" finished-at="2023-07-01T21:25:15 IST" depends-on-methods="com.sauceDemoEcommerce.testCases.TC_AddToCart_003.AddInformation" duration-ms="329" status="PASS">
          <reporter-output>
          </reporter-output>
        </test-method> <!-- Payment -->
        <test-method is-config="true" signature="tearDown()[pri:0, instance:com.sauceDemoEcommerce.testCases.TC_AddToCart_003@7e6ef134]" started-at="2023-07-01T21:25:15 IST" name="tearDown" finished-at="2023-07-01T21:25:15 IST" duration-ms="266" status="PASS">
          <reporter-output>
          </reporter-output>
        </test-method> <!-- tearDown -->
      </class> <!-- com.sauceDemoEcommerce.testCases.TC_AddToCart_003 -->
    </test> <!-- Edge Browser -->
  </suite> <!-- Suite -->
</testng-results>
